00000000 a __dldi_lma
00000000 a __end__
00000000 A __sync_synchronize
01ff8000 t __itcm_start
01ff8038 00000018 T __excpt_vectors
01ff8050 00000088 t threadReschedule
01ff80d8 000000d8 T threadBlock
01ff81b0 000000c0 T threadUnblockOneByValue
01ff8270 00000130 T threadUnblockAllByValue
01ff83a0 00000134 T threadUnblockAllByMask
01ff84d4 0000002c T armContextSave
01ff8500 00000020 T armContextLoad
01ff8504 T armContextLoadFromSvc
01ff8520 00000008 T armWaitForIrq
01ff8528 00000004 t __arm_excpt_rst
01ff852c 00000004 t __arm_excpt_pabt
01ff8530 0000000c t __arm_excpt_und
01ff853c 0000000c t __arm_excpt_dabt
01ff8548 00000030 t __excpt_entry
01ff8578 000000e4 t __arm_excpt_irq
01ff865c 0000000c T armDrainWriteBuffer
01ff8668 00000028 T armDCacheFlushAll
01ff8690 0000000c T armICacheInvalidateAll
01ff869c t __itcm_end
02001000 t __crt0_start
02001000 00000060 t __ds9_bootstub_trampoline
02001060 00000074 T crt0ProcessLoadList
020010d4 00000180 T crt0Startup
02001254 0000004c T crt0CopyMem32
020012a0 00000058 T crt0FillMem32
020012f8 000000b4 T crt0SetupMPU
020013c0 t __crt0_end
020013c0 t __main_start
020013c0 T _init
020013d8 00000030 T exit
02001408 00000184 T main
0200158c t __do_global_dtors_aux
020015e0 t frame_dummy
02001610 00000060 T drawTopBar
02001670 00000054 T drawBottomMenu
020016c4 000000e0 t newRow
020017a4 00000010 T consoleSelect
020017b4 000000e0 T consolePrintChar
02001894 00000344 T con_write
02001bd8 000002e8 T consoleLoadFont
02001ec0 00000170 T consoleInit
02002030 00000010 T consoleClear
02002040 0000006c T scanKeys
020020ac 00000010 T keysDown
020020bc 00000018 T powerOn
020020d4 0000006c T checkIfText
02002140 000000e8 T bgUpdate
02002228 000000a8 T bgInit_call
020022d0 000000b0 T bgInitSub_call
02002380 0000004c T sinLutLookup
020023cc 00000038 T sinLerp
02002404 00000044 T cosLerp
02002448 0000009c T threadExit
020024e4 00000010 t _threadTickTask
020024f4 00000098 T _threadInit
0200258c 000000a4 T threadPrepare
02002630 000000c8 T threadStart
020026f8 000000a0 T threadIrqWait
02002798 00000058 T threadSleepTicks
020027f0 00000028 T keypadGetState
02002818 00000058 T touchRead
02002870 0000001c t _tickCountIsr
0200288c 00000084 t _tickTaskSchedule.part.0.isra.0
02002910 000000a0 T tickInit
020029b0 0000005c T tickGetCount
02002a0c 00000110 t _tickTaskIsr
02002b1c 00000144 T tickTaskStart
02002c60 00000014 T __syscall_getreent
02002c74 00000024 T __errno
02002c98 00000004 T __syscall_lock_acquire
02002c9c 00000004 T __syscall_lock_release
02002ca0 0000004c T __syscall_lock_acquire_recursive
02002cec 00000018 T __syscall_lock_release_recursive
02002d04 00000004 t _pxiMailboxHandler
02002d08 00000004 W _pxiRecvUnhandled
02002d0c 00000154 t _pxiRecvIrqHandler
02002e60 00000058 T _pxiInit
02002eb8 00000074 T pxiSetHandler
02002f2c 00000068 T pxiSetMailbox
02002f94 00000038 T pxiWaitRemote
02002fcc 00000050 T pxiSendPacket
0200301c 00000004 W systemUserStartup
02003020 00000104 W systemStartup
02003124 00000064 T irqSet
02003188 000001cc t threadUpdateDynamicPrio
02003354 000001c8 t threadRemoveWaiter
0200351c 00000150 T mutexLock
0200366c 000000d0 T mutexUnlock
0200373c 00000098 T mailboxTrySend
020037d4 00000098 T mailboxRecv
0200386c 00000040 t _pmCallEventHandlers
020038ac 000000a0 t _pmPxiThreadMain
0200394c 00000028 t _pmResetPxiHandler
02003974 00000004 W systemUserExit
02003978 00000004 W systemErrorExit
0200397c 00000138 T __syscall_exit
02003ab4 00000058 T pmInit
02003b0c T __aeabi_idiv
02003b0c 00000128 T __divsi3
02003b14 t .divsi3_skip_div0_test
02003c34 00000020 T __aeabi_idivmod
02003c54 00000004 W __aeabi_idiv0
02003c54 00000004 W __aeabi_ldiv0
02003c58 T __aeabi_uldivmod
02003c94 00000140 T __udivmoddi4
02003dd4 00000028 T __clzdi2
02003dfc 00000048 T __clzsi2
02003e44 00000090 T __libc_init_array
02003ed4 00000078 T siscanf
02003f4c 00000804 T _malloc_r
02004750 0000011c T _malloc_trim_r
0200486c 000002fc T _free_r
02004998 a __crt0_lma
02004b68 000000f4 T memset
02004c5c 00000018 T __malloc_lock
02004c74 00000018 T __malloc_unlock
02004c8c 00000010 W __call_exitprocs
02004c9c 0000029c T setvbuf
02004d58 a __itcm_lma
02004d58 a __loadlist_lma
02004f38 00000130 T memcpy
02005068 00000034 T iprintf
0200509c 0000004c T __sread
020050e8 00000008 T __seofread
020050f0 0000006c T __swrite
0200515c 00000048 T __sseek
020051a4 00000014 T __sclose
020051b8 000005fc t get_arg
020057b4 00002344 T _vfiprintf_r
02007af8 000000b8 t __sbprintf
02007bb0 00000090 T strlen
02007c40 00000054 t get_arg
02007c94 000000e8 T _sungetc_r
02007d7c 00000068 T __ssrefill_r
02007de4 000000b8 T _sfread_r
02007e9c 000022d4 T __ssvfiscanf_r
0200a170 00000028 t stdio_exit_handler
0200a198 00000054 t cleanup_stdio
0200a1ec 00000158 t global_stdio_init.part.0
0200a344 00000064 T __sinit
0200a3a8 00000018 T __sfp_lock_acquire
0200a3c0 00000018 T __sfp_lock_release
0200a3d8 000001f0 t _strtoul_l.isra.0
0200a5c8 00000038 T _strtoul_r
0200a600 00000078 T _fwalk_sglue
0200a678 00000034 T __sprint_r
0200a6ac 00000014 T iswspace
0200a6c0 00000028 T _localeconv_r
0200a6e8 0000002c T realloc
0200a714 000000f4 T memchr
0200a808 000000ac T _wcrtomb_r
0200a8b4 00000388 t _strtol_l.part.0
0200ac3c 00000070 T _strtol_r
0200acac 00000044 T __libc_fini_array
0200acf0 00000048 T malloc
0200ad38 00000024 T free
0200ad5c 000000e8 T __sccl
0200ae44 00000248 T __sflush_r
0200b08c 000000cc T _fflush_r
0200b158 00000168 T __smakebuf_r
0200b2c0 00000084 T __swhatbuf_r
0200b344 0000051c T _realloc_r
0200b860 000000dc T strncpy
0200b93c 00000268 t _strtoull_l.isra.0
0200bba4 00000038 T _strtoull_r
0200bbdc 0000002c T _wcsrtombs_r
0200bc08 000000d0 T _mbrtowc_r
0200bcd8 00000148 T __swsetup_r
0200be20 000004b4 T __sfvwrite_r
0200c2d4 00000170 T memmove
0200c444 00000040 T iswspace_l
0200c484 0000014c T _fclose_r
0200c5d0 0000049c t _strtoll_l.isra.0
0200ca6c 00000038 T _strtoll_r
0200caa4 00000028 T __locale_mb_cur_max
0200cacc 000000bc T __submore
0200cb88 00000188 T _memalign_r
0200cd10 0000016c T _wcsnrtombs_l
0200ce7c 00000068 T _wcsnrtombs_r
0200cee4 00000344 T __utf8_mbtowc
0200d228 00000098 T category
0200d2c0 000000f8 T __utf8_wctomb
0200d3b8 00000020 T _exit
0200d3d8 000000a0 T _fstat_r
0200d478 00000030 T __getreent
0200d4a8 0000005c T __get_handle
0200d504 00000118 T _close_r
0200d61c 00000008 t null_write
0200d624 00000008 T _isatty_r
0200d62c 00000098 T _lseek_r
0200d6c4 00000098 T _read_r
0200d75c 00000078 W _sbrk_r
0200d7d4 00000020 T __libc_lock_acquire
0200d7f4 00000020 T __libc_lock_release
0200d814 00000020 T __libc_lock_acquire_recursive
0200d834 00000020 T __libc_lock_release_recursive
0200d854 00000098 T _write_r
0200d8ec t .udivsi3_skip_div0_test
0200d8ec T __aeabi_uidiv
0200d8ec 000000f4 T __udivsi3
0200d9e0 00000020 T __aeabi_uidivmod
0200da00 T _fini
0200dcd4 00000080 t dotab_stdout
0200dd54 T default_font_bin
0200e554 T default_font_bin_end
0200e554 00000102 T SIN_LUT
0200e76c 00000010 t zeroes.0
0200e77c 00000010 t blanks.1
0200e80c 00000022 t basefix.0
0200e830 00000101 T _ctype_
0200e934 0000006c T __action_table
0200e9a0 0000006c T __state_table
0200ea0c 00000100 T __chclass
0200eb0c 000035dc t categories
020120e8 00000080 T dotab_stdnull
02012168 00000001 d firstConsoleInit.0
0201216c 00000004 D currentConsole
02012170 0000005c D defaultConsole
020121cc 00000001 d count
020121cd 00000001 d repeat
020121ce 00000001 d delay
020121d0 00000020 D bgTransform
020121f0 00000020 D bgScrollTable
02012210 00000020 D bgControl
02012230 00000004 D __malloc_sbrk_base
02012234 00000004 D __malloc_trim_threshold
02012238 00000408 D __malloc_av_
02012640 0000000c D __sglue
0201264c 00000004 D _impure_ptr
02012650 00000140 D _impure_data
02012790 0000016c D __global_locale
02012900 00001000 d handles
02013900 0000000c d __stderr_handle
0201390c 0000000c d __stdout_handle
02013918 0000000c d __stdin_handle
02013924 0000008c D devoptab_list
020139b0 r __EH_FRAME_BEGIN__
020139b0 r __FRAME_END__
020139b4 r __tls_info
020139c0 d __frame_dummy_init_array_entry
020139c0 d __init_array_start
020139c0 d __preinit_array_end
020139c0 d __preinit_array_start
020139c4 d __do_global_dtors_aux_fini_array_entry
020139c4 d __fini_array_start
020139c4 d __init_array_end
020139c8 d __fini_array_end
020139c8 d __main_end
020139c8 ? __tls_end
020139c8 ? __tls_start
020139c8 b completed.1
020139cc b object.0
020139e4 00000004 B option
020139e8 0000005c B bottomScreen
02013a44 0000005c B topScreen
02013aa0 0000005c B currentCopy
02013afc 00000002 b keysrepeat
02013b00 00000004 b s_keypad
02013b04 00000008 B bgIsTextLut
02013b0c 00000140 B bgState
02013c4c 00000008 b s_sleepThreads
02013c54 00000008 b s_joinThreads
02013c5c 00000070 b s_idleThread
02013ccc 00000070 b s_mainThread
02013d3c 00000004 b s_firstTask
02013d40 00000008 b s_highTickCount
02013d48 00000001 b s_tickInit
02013d4c 00000004 b s_defaultErrno.0
02013d50 00000004 V __stacksize__
02013d54 00000001 B g_isTwlMode
02013d58 000001f0 b s_pxiChannels
02013f48 00000004 b s_pxiRecvState
02013f4c 00000008 b s_pxiRecvQueue
02013f54 00000004 b s_pxiSendMutex
02013f58 00000008 b s_mailboxRecvQueue
02013f60 00000200 b s_pmPxiThreadStack
02014160 00000070 b s_pmPxiThread
020141d0 00000008 b s_pmState
020141d8 00000028 B __malloc_current_mallinfo
02014200 00000004 B __malloc_max_total_mem
02014204 00000004 B __malloc_max_sbrked_mem
02014208 00000004 B __malloc_top_pad
0201420c 0000000c b __malloc_recursive_mutex
02014218 0000000c b __sfp_recursive_mutex
02014228 00000168 B __sf
02014390 00000004 B __stdio_exit_handler
02014394 00000004 b __hndl_lock
02014398 00000004 B fake_heap_start
0201439c 00000004 B fake_heap_end
020143a0 00000004 b heap_start.0
020143a4 b __heap_start_ntr
020143a4 b __main_bss_end
020143c0 r __heap_start_twl
020143c0 ? __twl_bss_end
020143c0 ? __twl_end
020143c0 ? __twl_start
020179fc a __loadlist_start
02017a2c a __loadlist_end
02400000 a __twl_lma
02400000 a __twl_loadlist_lma
02400000 a __twl_loadlist_start
0240000c a __twl_loadlist_end
02ff0000 ? __dtcm_end
02ff0000 ? __dtcm_start
02ff0000 00000080 B __irq_table
02ff0080 00000018 B __sched_state
02ff0098 b __dtcm_bss_end
02ff3e80 d __sp_usr
02ff3f80 a __sp_irq
02ff3fc0 a __sp_svc
02ff3ff8 a __irq_flags
0e000800 00000198 T __ds9_bootstub
ffff0008 a __arm_excpt_svc
